INFO:apscheduler.scheduler:Adding job tentatively -- it will be properly scheduled when the scheduler starts
INFO:apscheduler.scheduler:Adding job tentatively -- it will be properly scheduled when the scheduler starts
INFO:apscheduler.scheduler:Added job "notify_reminder" to job store "default"
INFO:apscheduler.scheduler:Added job "sync_db" to job store "default"
INFO:apscheduler.scheduler:Scheduler started
INFO:apscheduler.executors.default:Running job "notify_reminder (trigger: interval[0:01:00], next run at: 2025-06-03 02:16:13 IST)" (scheduled at 2025-06-03 02:16:13.269665+05:30)
INFO:sankalp.scheduler_service.reminder_scheduler:Found 0 reminders to check.
INFO:apscheduler.executors.default:Job "notify_reminder (trigger: interval[0:01:00], next run at: 2025-06-03 02:16:13 IST)" executed successfully
INFO:apscheduler.executors.default:Running job "sync_db (trigger: interval[0:30:00], next run at: 2025-06-03 02:46:13 IST)" (scheduled at 2025-06-03 02:16:13.270490+05:30)
INFO:sankalp.scheduler_service.reminder_scheduler:Syncing reminders from the database to the cache.
INFO:sankalp.scheduler_service.reminder_scheduler:Synced 0 reminders to the cache.
INFO:apscheduler.executors.default:Job "sync_db (trigger: interval[0:30:00], next run at: 2025-06-03 02:46:13 IST)" executed successfully
INFO:apscheduler.executors.default:Running job "notify_reminder (trigger: interval[0:01:00], next run at: 2025-06-03 02:18:13 IST)" (scheduled at 2025-06-03 02:17:13.269665+05:30)
INFO:sankalp.scheduler_service.reminder_scheduler:Found 0 reminders to check.
INFO:apscheduler.executors.default:Job "notify_reminder (trigger: interval[0:01:00], next run at: 2025-06-03 02:18:13 IST)" executed successfully
INFO:apscheduler.executors.default:Running job "notify_reminder (trigger: interval[0:01:00], next run at: 2025-06-03 02:19:13 IST)" (scheduled at 2025-06-03 02:18:13.269665+05:30)
INFO:sankalp.scheduler_service.reminder_scheduler:Found 0 reminders to check.
INFO:apscheduler.executors.default:Job "notify_reminder (trigger: interval[0:01:00], next run at: 2025-06-03 02:19:13 IST)" executed successfully
INFO:apscheduler.executors.default:Running job "notify_reminder (trigger: interval[0:01:00], next run at: 2025-06-03 02:20:13 IST)" (scheduled at 2025-06-03 02:19:13.269665+05:30)
INFO:sankalp.scheduler_service.reminder_scheduler:Found 0 reminders to check.
INFO:apscheduler.executors.default:Job "notify_reminder (trigger: interval[0:01:00], next run at: 2025-06-03 02:20:13 IST)" executed successfully
INFO:apscheduler.executors.default:Running job "notify_reminder (trigger: interval[0:01:00], next run at: 2025-06-03 02:21:13 IST)" (scheduled at 2025-06-03 02:20:13.269665+05:30)
INFO:sankalp.scheduler_service.reminder_scheduler:Found 0 reminders to check.
INFO:apscheduler.executors.default:Job "notify_reminder (trigger: interval[0:01:00], next run at: 2025-06-03 02:21:13 IST)" executed successfully
INFO:apscheduler.executors.default:Running job "notify_reminder (trigger: interval[0:01:00], next run at: 2025-06-03 02:22:13 IST)" (scheduled at 2025-06-03 02:21:13.269665+05:30)
INFO:sankalp.scheduler_service.reminder_scheduler:Found 0 reminders to check.
INFO:apscheduler.executors.default:Job "notify_reminder (trigger: interval[0:01:00], next run at: 2025-06-03 02:22:13 IST)" executed successfully
INFO:apscheduler.executors.default:Running job "notify_reminder (trigger: interval[0:01:00], next run at: 2025-06-03 02:23:13 IST)" (scheduled at 2025-06-03 02:22:13.269665+05:30)
INFO:sankalp.scheduler_service.reminder_scheduler:Found 0 reminders to check.
INFO:apscheduler.executors.default:Job "notify_reminder (trigger: interval[0:01:00], next run at: 2025-06-03 02:23:13 IST)" executed successfully
INFO:apscheduler.executors.default:Running job "notify_reminder (trigger: interval[0:01:00], next run at: 2025-06-03 02:24:13 IST)" (scheduled at 2025-06-03 02:23:13.269665+05:30)
INFO:sankalp.scheduler_service.reminder_scheduler:Found 0 reminders to check.
INFO:apscheduler.executors.default:Job "notify_reminder (trigger: interval[0:01:00], next run at: 2025-06-03 02:24:13 IST)" executed successfully
INFO:apscheduler.executors.default:Running job "notify_reminder (trigger: interval[0:01:00], next run at: 2025-06-03 02:25:13 IST)" (scheduled at 2025-06-03 02:24:13.269665+05:30)
INFO:sankalp.scheduler_service.reminder_scheduler:Found 0 reminders to check.
INFO:apscheduler.executors.default:Job "notify_reminder (trigger: interval[0:01:00], next run at: 2025-06-03 02:25:13 IST)" executed successfully
INFO:apscheduler.executors.default:Running job "notify_reminder (trigger: interval[0:01:00], next run at: 2025-06-03 02:26:13 IST)" (scheduled at 2025-06-03 02:25:13.269665+05:30)
INFO:sankalp.scheduler_service.reminder_scheduler:Found 0 reminders to check.
INFO:apscheduler.executors.default:Job "notify_reminder (trigger: interval[0:01:00], next run at: 2025-06-03 02:26:13 IST)" executed successfully
INFO:apscheduler.executors.default:Running job "notify_reminder (trigger: interval[0:01:00], next run at: 2025-06-03 02:27:13 IST)" (scheduled at 2025-06-03 02:26:13.269665+05:30)
INFO:sankalp.scheduler_service.reminder_scheduler:Found 0 reminders to check.
INFO:apscheduler.executors.default:Job "notify_reminder (trigger: interval[0:01:00], next run at: 2025-06-03 02:27:13 IST)" executed successfully
INFO:apscheduler.executors.default:Running job "notify_reminder (trigger: interval[0:01:00], next run at: 2025-06-03 02:28:13 IST)" (scheduled at 2025-06-03 02:27:13.269665+05:30)
INFO:sankalp.scheduler_service.reminder_scheduler:Found 0 reminders to check.
INFO:apscheduler.executors.default:Job "notify_reminder (trigger: interval[0:01:00], next run at: 2025-06-03 02:28:13 IST)" executed successfully
INFO:apscheduler.executors.default:Running job "notify_reminder (trigger: interval[0:01:00], next run at: 2025-06-03 02:29:13 IST)" (scheduled at 2025-06-03 02:28:13.269665+05:30)
INFO:sankalp.scheduler_service.reminder_scheduler:Found 0 reminders to check.
INFO:apscheduler.executors.default:Job "notify_reminder (trigger: interval[0:01:00], next run at: 2025-06-03 02:29:13 IST)" executed successfully
INFO:apscheduler.executors.default:Running job "notify_reminder (trigger: interval[0:01:00], next run at: 2025-06-03 02:30:13 IST)" (scheduled at 2025-06-03 02:29:13.269665+05:30)
INFO:sankalp.scheduler_service.reminder_scheduler:Found 0 reminders to check.
INFO:apscheduler.executors.default:Job "notify_reminder (trigger: interval[0:01:00], next run at: 2025-06-03 02:30:13 IST)" executed successfully
INFO:apscheduler.executors.default:Running job "notify_reminder (trigger: interval[0:01:00], next run at: 2025-06-03 02:31:13 IST)" (scheduled at 2025-06-03 02:30:13.269665+05:30)
INFO:sankalp.scheduler_service.reminder_scheduler:Found 0 reminders to check.
INFO:apscheduler.executors.default:Job "notify_reminder (trigger: interval[0:01:00], next run at: 2025-06-03 02:31:13 IST)" executed successfully
INFO:apscheduler.executors.default:Running job "notify_reminder (trigger: interval[0:01:00], next run at: 2025-06-03 02:32:13 IST)" (scheduled at 2025-06-03 02:31:13.269665+05:30)
INFO:sankalp.scheduler_service.reminder_scheduler:Found 0 reminders to check.
INFO:apscheduler.executors.default:Job "notify_reminder (trigger: interval[0:01:00], next run at: 2025-06-03 02:32:13 IST)" executed successfully
INFO:apscheduler.executors.default:Running job "notify_reminder (trigger: interval[0:01:00], next run at: 2025-06-03 02:33:13 IST)" (scheduled at 2025-06-03 02:32:13.269665+05:30)
INFO:sankalp.scheduler_service.reminder_scheduler:Found 0 reminders to check.
INFO:apscheduler.executors.default:Job "notify_reminder (trigger: interval[0:01:00], next run at: 2025-06-03 02:33:13 IST)" executed successfully
INFO:apscheduler.executors.default:Running job "notify_reminder (trigger: interval[0:01:00], next run at: 2025-06-03 02:34:13 IST)" (scheduled at 2025-06-03 02:33:13.269665+05:30)
INFO:sankalp.scheduler_service.reminder_scheduler:Found 0 reminders to check.
INFO:apscheduler.executors.default:Job "notify_reminder (trigger: interval[0:01:00], next run at: 2025-06-03 02:34:13 IST)" executed successfully
INFO:apscheduler.executors.default:Running job "notify_reminder (trigger: interval[0:01:00], next run at: 2025-06-03 02:35:13 IST)" (scheduled at 2025-06-03 02:34:13.269665+05:30)
INFO:sankalp.scheduler_service.reminder_scheduler:Found 0 reminders to check.
INFO:apscheduler.executors.default:Job "notify_reminder (trigger: interval[0:01:00], next run at: 2025-06-03 02:35:13 IST)" executed successfully
INFO:apscheduler.executors.default:Running job "notify_reminder (trigger: interval[0:01:00], next run at: 2025-06-03 02:36:13 IST)" (scheduled at 2025-06-03 02:35:13.269665+05:30)
INFO:sankalp.scheduler_service.reminder_scheduler:Found 0 reminders to check.
INFO:apscheduler.executors.default:Job "notify_reminder (trigger: interval[0:01:00], next run at: 2025-06-03 02:36:13 IST)" executed successfully
INFO:apscheduler.executors.default:Running job "notify_reminder (trigger: interval[0:01:00], next run at: 2025-06-03 02:37:13 IST)" (scheduled at 2025-06-03 02:36:13.269665+05:30)
INFO:sankalp.scheduler_service.reminder_scheduler:Found 0 reminders to check.
INFO:apscheduler.executors.default:Job "notify_reminder (trigger: interval[0:01:00], next run at: 2025-06-03 02:37:13 IST)" executed successfully
INFO:apscheduler.executors.default:Running job "notify_reminder (trigger: interval[0:01:00], next run at: 2025-06-03 02:38:13 IST)" (scheduled at 2025-06-03 02:37:13.269665+05:30)
INFO:sankalp.scheduler_service.reminder_scheduler:Found 0 reminders to check.
INFO:apscheduler.executors.default:Job "notify_reminder (trigger: interval[0:01:00], next run at: 2025-06-03 02:38:13 IST)" executed successfully
