2025-05-25 21:18:06,239 - INFO - Imported BoaviztaCloudServer in 2.33851 seconds.
2025-05-25 21:18:06,646 - INFO - Finished importing modules in 2.749 seconds
2025-05-25 21:18:06,723 - INFO - Computing calculated attributes for VideoStreaming Video streaming service 1
2025-05-25 21:18:06,724 - INFO - Computing calculated attributes for WebApplication Web application service 1
2025-05-25 21:18:06,760 - INFO - Computing calculated attributes for GenAIModel Generative AI model 1
2025-05-25 21:18:06,817 - INFO - Computing calculated attributes for UsageJourney user journey
2025-05-25 21:18:06,874 - INFO - Computing calculated attributes for UsageJourney user journey
2025-05-25 21:18:06,955 - INFO - Computing calculated attributes for VideoStreaming Video streaming service 2
2025-05-25 21:18:06,956 - INFO - Computing calculated attributes for WebApplication Web application service 2
2025-05-25 21:18:06,972 - INFO - Computing calculated attributes for GenAIModel Generative AI model 2
2025-05-25 21:18:07,020 - INFO - Computing calculated attributes for UsageJourney user journey
2025-05-25 21:18:07,075 - INFO - Computing calculated attributes for UsageJourney user journey
2025-05-25 21:18:07,085 - INFO - Starting computing system modeling
2025-05-25 21:18:07,098 - INFO - Computing calculated attributes for UsagePattern usage pattern
2025-05-25 21:18:07,150 - INFO - Computing calculated attributes for UsagePattern usage pattern
2025-05-25 21:18:07,191 - INFO - Computing calculated attributes for UsagePattern usage pattern
2025-05-25 21:18:07,233 - INFO - Computing calculated attributes for UsagePattern usage pattern
2025-05-25 21:18:07,283 - INFO - Computing calculated attributes for WebApplicationJob Web application job
2025-05-25 21:18:07,305 - INFO - Computing calculated attributes for GenAIJob Generative AI model job
2025-05-25 21:18:07,329 - INFO - Computing calculated attributes for VideoStreamingJob Video streaming job
2025-05-25 21:18:07,349 - INFO - Computing calculated attributes for Job Manually defined job
2025-05-25 21:18:07,371 - INFO - Computing calculated attributes for GPUJob Manually defined GPU job
2025-05-25 21:18:07,392 - INFO - Computing calculated attributes for WebApplicationJob Web application job
2025-05-25 21:18:07,415 - INFO - Computing calculated attributes for GenAIJob Generative AI model job
2025-05-25 21:18:07,441 - INFO - Computing calculated attributes for VideoStreamingJob Video streaming job
2025-05-25 21:18:07,464 - INFO - Computing calculated attributes for Job Manually defined job
2025-05-25 21:18:07,481 - INFO - Computing calculated attributes for GPUJob Manually defined GPU job
2025-05-25 21:18:07,497 - INFO - Computing calculated attributes for WebApplicationJob Web application job
2025-05-25 21:18:07,515 - INFO - Computing calculated attributes for GenAIJob Generative AI model job
2025-05-25 21:18:07,535 - INFO - Computing calculated attributes for VideoStreamingJob Video streaming job
2025-05-25 21:18:07,560 - INFO - Computing calculated attributes for Job Manually defined job
2025-05-25 21:18:07,580 - INFO - Computing calculated attributes for GPUJob Manually defined GPU job
2025-05-25 21:18:07,600 - INFO - Computing calculated attributes for WebApplicationJob Web application job
2025-05-25 21:18:07,624 - INFO - Computing calculated attributes for GenAIJob Generative AI model job
2025-05-25 21:18:07,648 - INFO - Computing calculated attributes for VideoStreamingJob Video streaming job
2025-05-25 21:18:07,671 - INFO - Computing calculated attributes for Job Manually defined job
2025-05-25 21:18:07,693 - INFO - Computing calculated attributes for GPUJob Manually defined GPU job
2025-05-25 21:18:07,713 - INFO - Computing calculated attributes for WebApplicationJob Web application job
2025-05-25 21:18:07,741 - INFO - Computing calculated attributes for GenAIJob Generative AI model job
2025-05-25 21:18:07,766 - INFO - Computing calculated attributes for VideoStreamingJob Video streaming job
2025-05-25 21:18:07,789 - INFO - Computing calculated attributes for Job Manually defined job
2025-05-25 21:18:07,808 - INFO - Computing calculated attributes for GPUJob Manually defined GPU job
2025-05-25 21:18:07,829 - INFO - Computing calculated attributes for WebApplicationJob Web application job
2025-05-25 21:18:07,851 - INFO - Computing calculated attributes for GenAIJob Generative AI model job
2025-05-25 21:18:07,873 - INFO - Computing calculated attributes for VideoStreamingJob Video streaming job
2025-05-25 21:18:07,892 - INFO - Computing calculated attributes for Job Manually defined job
2025-05-25 21:18:07,909 - INFO - Computing calculated attributes for GPUJob Manually defined GPU job
2025-05-25 21:18:07,924 - INFO - Computing calculated attributes for WebApplicationJob Web application job
2025-05-25 21:18:07,940 - INFO - Computing calculated attributes for GenAIJob Generative AI model job
2025-05-25 21:18:07,958 - INFO - Computing calculated attributes for VideoStreamingJob Video streaming job
2025-05-25 21:18:07,978 - INFO - Computing calculated attributes for Job Manually defined job
2025-05-25 21:18:08,000 - INFO - Computing calculated attributes for GPUJob Manually defined GPU job
2025-05-25 21:18:08,022 - INFO - Computing calculated attributes for WebApplicationJob Web application job
2025-05-25 21:18:08,048 - INFO - Computing calculated attributes for GenAIJob Generative AI model job
2025-05-25 21:18:08,075 - INFO - Computing calculated attributes for VideoStreamingJob Video streaming job
2025-05-25 21:18:08,098 - INFO - Computing calculated attributes for Job Manually defined job
2025-05-25 21:18:08,126 - INFO - Computing calculated attributes for GPUJob Manually defined GPU job
2025-05-25 21:18:08,149 - INFO - Computing calculated attributes for WebApplicationJob Web application job
2025-05-25 21:18:08,179 - INFO - Computing calculated attributes for GenAIJob Generative AI model job
2025-05-25 21:18:08,203 - INFO - Computing calculated attributes for VideoStreamingJob Video streaming job
2025-05-25 21:18:08,233 - INFO - Computing calculated attributes for Job Manually defined job
2025-05-25 21:18:08,255 - INFO - Computing calculated attributes for GPUJob Manually defined GPU job
2025-05-25 21:18:08,276 - INFO - Computing calculated attributes for WebApplicationJob Web application job
2025-05-25 21:18:08,297 - INFO - Computing calculated attributes for GenAIJob Generative AI model job
2025-05-25 21:18:08,318 - INFO - Computing calculated attributes for VideoStreamingJob Video streaming job
2025-05-25 21:18:08,335 - INFO - Computing calculated attributes for Job Manually defined job
2025-05-25 21:18:08,352 - INFO - Computing calculated attributes for GPUJob Manually defined GPU job
2025-05-25 21:18:08,368 - INFO - Computing calculated attributes for WebApplicationJob Web application job
2025-05-25 21:18:08,386 - INFO - Computing calculated attributes for GenAIJob Generative AI model job
2025-05-25 21:18:08,408 - INFO - Computing calculated attributes for VideoStreamingJob Video streaming job
2025-05-25 21:18:08,435 - INFO - Computing calculated attributes for Job Manually defined job
2025-05-25 21:18:08,458 - INFO - Computing calculated attributes for GPUJob Manually defined GPU job
2025-05-25 21:18:08,481 - INFO - Computing calculated attributes for WebApplicationJob Web application job
2025-05-25 21:18:08,505 - INFO - Computing calculated attributes for GenAIJob Generative AI model job
2025-05-25 21:18:08,530 - INFO - Computing calculated attributes for VideoStreamingJob Video streaming job
2025-05-25 21:18:08,547 - INFO - Computing calculated attributes for Job Manually defined job
2025-05-25 21:18:08,563 - INFO - Computing calculated attributes for GPUJob Manually defined GPU job
2025-05-25 21:18:08,577 - INFO - Computing calculated attributes for WebApplicationJob Web application job
2025-05-25 21:18:08,598 - INFO - Computing calculated attributes for GenAIJob Generative AI model job
2025-05-25 21:18:08,625 - INFO - Computing calculated attributes for VideoStreamingJob Video streaming job
2025-05-25 21:18:08,652 - INFO - Computing calculated attributes for Job Manually defined job
2025-05-25 21:18:08,675 - INFO - Computing calculated attributes for GPUJob Manually defined GPU job
2025-05-25 21:18:08,700 - INFO - Computing calculated attributes for WebApplicationJob Web application job
2025-05-25 21:18:08,726 - INFO - Computing calculated attributes for GenAIJob Generative AI model job
2025-05-25 21:18:08,746 - INFO - Computing calculated attributes for VideoStreamingJob Video streaming job
2025-05-25 21:18:08,763 - INFO - Computing calculated attributes for Job Manually defined job
2025-05-25 21:18:08,778 - INFO - Computing calculated attributes for GPUJob Manually defined GPU job
2025-05-25 21:18:08,792 - INFO - Computing calculated attributes for WebApplicationJob Web application job
2025-05-25 21:18:08,808 - INFO - Computing calculated attributes for GenAIJob Generative AI model job
2025-05-25 21:18:08,831 - INFO - Computing calculated attributes for VideoStreamingJob Video streaming job
2025-05-25 21:18:08,858 - INFO - Computing calculated attributes for Job Manually defined job
2025-05-25 21:18:08,883 - INFO - Computing calculated attributes for GPUJob Manually defined GPU job
2025-05-25 21:18:08,906 - INFO - Computing calculated attributes for WebApplicationJob Web application job
2025-05-25 21:18:08,927 - INFO - Computing calculated attributes for GenAIJob Generative AI model job
2025-05-25 21:18:08,944 - INFO - Computing calculated attributes for VideoStreamingJob Video streaming job
2025-05-25 21:18:08,961 - INFO - Computing calculated attributes for Job Manually defined job
2025-05-25 21:18:08,975 - INFO - Computing calculated attributes for GPUJob Manually defined GPU job
2025-05-25 21:18:08,989 - INFO - Computing calculated attributes for BoaviztaCloudServer serverless cloud functions 1
2025-05-25 21:18:09,282 - INFO - Computing calculated attributes for Network network
2025-05-25 21:18:09,391 - INFO - Computing calculated attributes for GPUServer on premise GPU server 1
2025-05-25 21:18:09,749 - INFO - Computing calculated attributes for Server server 1
2025-05-25 21:18:10,075 - INFO - Computing calculated attributes for Network network
2025-05-25 21:18:10,183 - INFO - Computing calculated attributes for BoaviztaCloudServer serverless cloud functions 2
2025-05-25 21:18:10,480 - INFO - Computing calculated attributes for Network network
2025-05-25 21:18:10,585 - INFO - Computing calculated attributes for GPUServer on premise GPU server 2
2025-05-25 21:18:10,957 - INFO - Computing calculated attributes for Server server 2
2025-05-25 21:18:11,287 - INFO - Computing calculated attributes for Network network
2025-05-25 21:18:11,392 - INFO - Computing calculated attributes for Storage Default SSD storage
2025-05-25 21:18:12,056 - INFO - Computing calculated attributes for Storage Default SSD storage
2025-05-25 21:18:13,256 - INFO - Computing calculated attributes for Storage Default SSD storage
2025-05-25 21:18:14,499 - INFO - Computing calculated attributes for Storage Default SSD storage
2025-05-25 21:18:15,142 - INFO - Computing calculated attributes for Storage Default SSD storage
2025-05-25 21:18:16,389 - INFO - Computing calculated attributes for Storage Default SSD storage
2025-05-25 21:18:17,597 - INFO - Computing calculated attributes for System system
2025-05-25 21:18:17,744 - INFO - Finished computing system modeling in 10.658 seconds
2025-05-25 21:18:17,904 - INFO - computation took 14.007 seconds
2025-05-25 21:18:17,938 - INFO - Function timed_system_to_json took 0.03410 seconds to execute.
2025-05-25 21:18:19,914 - INFO - Function timed_system_to_json took 1.97603 seconds to execute.
2025-05-25 21:18:19,915 - DEBUG - Updating data_transferred in Web application job
2025-05-25 21:18:20,077 - DEBUG - Recomputing hourly_data_transferred_per_usage_pattern in id-c4f2da-Web-application-job
2025-05-25 21:18:20,082 - DEBUG - Recomputing hourly_data_transferred_across_usage_patterns in id-c4f2da-Web-application-job
2025-05-25 21:18:20,082 - DEBUG - Recomputing energy_footprint in id-13d81e-network
2025-05-25 21:18:20,204 - DEBUG - Recomputing total_footprint in id-52fcc3-system
2025-05-25 21:18:20,356 - INFO - edition took 0.442 seconds
